<?xml version="1.0" encoding="UTF-8" ?>
<testsuite errors="0" failures="0" hostname="Carlos-MacBook-Pro-4.local" name="Game.BulletTest" skipped="0" tests="3" time="0.478" timestamp="2016-05-20T07:21:35">
  <properties>
[...]
</properties>
  <testcase classname="Game.BulletTest" name="testIsOutOfBounds" time="0.357" />
  <testcase classname="Game.BulletTest" name="testRemove" time="0.0" />
  <testcase classname="Game.BulletTest" name="testSetFired" time="0.0" />
  <system-out><![CDATA[]]></system-out>
  <system-err><![CDATA[]]></system-err>
</testsuite>
